# JRE version: Java(TM) SE Runtime Environment (8.0_40-b25) (build 1.8.0_40-b25)
# Java VM: Java HotSpot(TM) 64-Bit Server VM (25.40-b25 mixed mode bsd-amd64 compressed oops)
Heap:
 PSYoungGen      total 90112K, used 35170K [0x0000000795580000, 0x000000079bd00000, 0x00000007c0000000)
  eden space 80896K, 32% used [0x0000000795580000,0x0000000796f5ec48,0x000000079a480000)
  from space 9216K, 94% used [0x000000079ae80000,0x000000079b6f9f78,0x000000079b780000)
  to   space 10240K, 0% used [0x000000079a480000,0x000000079a480000,0x000000079ae80000)
 ParOldGen       total 95232K, used 12901K [0x0000000740000000, 0x0000000745d00000, 0x0000000795580000)
  object space 95232K, 13% used [0x0000000740000000,0x0000000740c99728,0x0000000745d00000)
 Metaspace       used 38779K, capacity 40338K, committed 40536K, reserved 1085440K
  class space    used 5115K, capacity 5439K, committed 5464K, reserved 1048576K
GC Heap History (10 events):
Event: 2.157 GC heap before
{Heap before GC invocations=4 (full 1):
 PSYoungGen      total 38400K, used 5097K [0x0000000795580000, 0x000000079a080000, 0x00000007c0000000)
  eden space 33280K, 0% used [0x0000000795580000,0x0000000795580000,0x0000000797600000)
  from space 5120K, 99% used [0x0000000797600000,0x0000000797afa6f8,0x0000000797b00000)
  to   space 5120K, 0% used [0x0000000799b80000,0x0000000799b80000,0x000000079a080000)
 ParOldGen       total 87552K, used 2975K [0x0000000740000000, 0x0000000745580000, 0x0000000795580000)
  object space 87552K, 3% used [0x0000000740000000,0x00000007402e7da0,0x0000000745580000)
 Metaspace       used 20753K, capacity 21074K, committed 21248K, reserved 1069056K
  class space    used 2408K, capacity 2538K, committed 2560K, reserved 1048576K
Event: 2.180 GC heap after
Heap after GC invocations=4 (full 1):
 PSYoungGen      total 38400K, used 0K [0x0000000795580000, 0x000000079a080000, 0x00000007c0000000)
  eden space 33280K, 0% used [0x0000000795580000,0x0000000795580000,0x0000000797600000)
  from space 5120K, 0% used [0x0000000797600000,0x0000000797600000,0x0000000797b00000)
  to   space 5120K, 0% used [0x0000000799b80000,0x0000000799b80000,0x000000079a080000)
 ParOldGen       total 54784K, used 5772K [0x0000000740000000, 0x0000000743580000, 0x0000000795580000)
  object space 54784K, 10% used [0x0000000740000000,0x00000007405a3040,0x0000000743580000)
 Metaspace       used 20753K, capacity 21074K, committed 21248K, reserved 1069056K
  class space    used 2408K, capacity 2538K, committed 2560K, reserved 1048576K
}
Event: 3.069 GC heap before
{Heap before GC invocations=5 (full 1):
 PSYoungGen      total 38400K, used 33280K [0x0000000795580000, 0x000000079a080000, 0x00000007c0000000)
  eden space 33280K, 100% used [0x0000000795580000,0x0000000797600000,0x0000000797600000)
  from space 5120K, 0% used [0x0000000797600000,0x0000000797600000,0x0000000797b00000)
  to   space 5120K, 0% used [0x0000000799b80000,0x0000000799b80000,0x000000079a080000)
 ParOldGen       total 54784K, used 5772K [0x0000000740000000, 0x0000000743580000, 0x0000000795580000)
  object space 54784K, 10% used [0x0000000740000000,0x00000007405a3040,0x0000000743580000)
 Metaspace       used 30026K, capacity 30976K, committed 31232K, reserved 1077248K
  class space    used 4049K, capacity 4244K, committed 4352K, reserved 1048576K
Event: 3.074 GC heap after
Heap after GC invocations=5 (full 1):
 PSYoungGen      total 57344K, used 4754K [0x0000000795580000, 0x000000079a080000, 0x00000007c0000000)
  eden space 52224K, 0% used [0x0000000795580000,0x0000000795580000,0x0000000798880000)
  from space 5120K, 92% used [0x0000000799b80000,0x000000079a0248b0,0x000000079a080000)
  to   space 5120K, 0% used [0x0000000799680000,0x0000000799680000,0x0000000799b80000)
 ParOldGen       total 54784K, used 5780K [0x0000000740000000, 0x0000000743580000, 0x0000000795580000)
  object space 54784K, 10% used [0x0000000740000000,0x00000007405a5040,0x0000000743580000)
 Metaspace       used 30026K, capacity 30976K, committed 31232K, reserved 1077248K
  class space    used 4049K, capacity 4244K, committed 4352K, reserved 1048576K
}
Event: 3.540 GC heap before
{Heap before GC invocations=6 (full 1):
 PSYoungGen      total 57344K, used 21943K [0x0000000795580000, 0x000000079a080000, 0x00000007c0000000)
  eden space 52224K, 32% used [0x0000000795580000,0x0000000796649560,0x0000000798880000)
  from space 5120K, 92% used [0x0000000799b80000,0x000000079a0248b0,0x000000079a080000)
  to   space 5120K, 0% used [0x0000000799680000,0x0000000799680000,0x0000000799b80000)
 ParOldGen       total 54784K, used 5780K [0x0000000740000000, 0x0000000743580000, 0x0000000795580000)
  object space 54784K, 10% used [0x0000000740000000,0x00000007405a5040,0x0000000743580000)
 Metaspace       used 33988K, capacity 35278K, committed 35416K, reserved 1079296K
  class space    used 4599K, capacity 4881K, committed 4952K, reserved 1048576K
Event: 3.547 GC heap after
Heap after GC invocations=6 (full 1):
 PSYoungGen      total 71680K, used 5108K [0x0000000795580000, 0x000000079b780000, 0x00000007c0000000)
  eden space 66560K, 0% used [0x0000000795580000,0x0000000795580000,0x0000000799680000)
  from space 5120K, 99% used [0x0000000799680000,0x0000000799b7d020,0x0000000799b80000)
  to   space 9216K, 0% used [0x000000079ae80000,0x000000079ae80000,0x000000079b780000)
 ParOldGen       total 54784K, used 9369K [0x0000000740000000, 0x0000000743580000, 0x0000000795580000)
  object space 54784K, 17% used [0x0000000740000000,0x0000000740926498,0x0000000743580000)
 Metaspace       used 33988K, capacity 35278K, committed 35416K, reserved 1079296K
  class space    used 4599K, capacity 4881K, committed 4952K, reserved 1048576K
}
Event: 3.547 GC heap before
{Heap before GC invocations=7 (full 2):
 PSYoungGen      total 71680K, used 5108K [0x0000000795580000, 0x000000079b780000, 0x00000007c0000000)
  eden space 66560K, 0% used [0x0000000795580000,0x0000000795580000,0x0000000799680000)
  from space 5120K, 99% used [0x0000000799680000,0x0000000799b7d020,0x0000000799b80000)
  to   space 9216K, 0% used [0x000000079ae80000,0x000000079ae80000,0x000000079b780000)
 ParOldGen       total 54784K, used 9369K [0x0000000740000000, 0x0000000743580000, 0x0000000795580000)
  object space 54784K, 17% used [0x0000000740000000,0x0000000740926498,0x0000000743580000)
 Metaspace       used 33988K, capacity 35278K, committed 35416K, reserved 1079296K
  class space    used 4599K, capacity 4881K, committed 4952K, reserved 1048576K
Event: 3.614 GC heap after
Heap after GC invocations=7 (full 2):
 PSYoungGen      total 71680K, used 0K [0x0000000795580000, 0x000000079b780000, 0x00000007c0000000)
  eden space 66560K, 0% used [0x0000000795580000,0x0000000795580000,0x0000000799680000)
  from space 5120K, 0% used [0x0000000799680000,0x0000000799680000,0x0000000799b80000)
  to   space 9216K, 0% used [0x000000079ae80000,0x000000079ae80000,0x000000079b780000)
 ParOldGen       total 95232K, used 12893K [0x0000000740000000, 0x0000000745d00000, 0x0000000795580000)
  object space 95232K, 13% used [0x0000000740000000,0x0000000740c97728,0x0000000745d00000)
 Metaspace       used 33988K, capacity 35278K, committed 35416K, reserved 1079296K
  class space    used 4599K, capacity 4881K, committed 4952K, reserved 1048576K
}
Event: 6.118 GC heap before
{Heap before GC invocations=8 (full 2):
 PSYoungGen      total 71680K, used 66560K [0x0000000795580000, 0x000000079b780000, 0x00000007c0000000)
  eden space 66560K, 100% used [0x0000000795580000,0x0000000799680000,0x0000000799680000)
  from space 5120K, 0% used [0x0000000799680000,0x0000000799680000,0x0000000799b80000)
  to   space 9216K, 0% used [0x000000079ae80000,0x000000079ae80000,0x000000079b780000)
 ParOldGen       total 95232K, used 12893K [0x0000000740000000, 0x0000000745d00000, 0x0000000795580000)
  object space 95232K, 13% used [0x0000000740000000,0x0000000740c97728,0x0000000745d00000)
 Metaspace       used 38575K, capacity 40164K, committed 40280K, reserved 1083392K
  class space    used 5106K, capacity 5406K, committed 5464K, reserved 1048576K
Event: 6.127 GC heap after
Heap after GC invocations=8 (full 2):
 PSYoungGen      total 90112K, used 8679K [0x0000000795580000, 0x000000079bd00000, 0x00000007c0000000)
  eden space 80896K, 0% used [0x0000000795580000,0x0000000795580000,0x000000079a480000)
  from space 9216K, 94% used [0x000000079ae80000,0x000000079b6f9f78,0x000000079b780000)
  to   space 10240K, 0% used [0x000000079a480000,0x000000079a480000,0x000000079ae80000)
 ParOldGen       total 95232K, used 12901K [0x0000000740000000, 0x0000000745d00000, 0x0000000795580000)
  object space 95232K, 13% used [0x0000000740000000,0x0000000740c99728,0x0000000745d00000)
 Metaspace       used 38575K, capacity 40164K, committed 40280K, reserved 1083392K
  class space    used 5106K, capacity 5406K, committed 5464K, reserved 1048576K
}

