# JRE version: Java(TM) SE Runtime Environment (8.0_40-b25) (build 1.8.0_40-b25)
# Java VM: Java HotSpot(TM) 64-Bit Server VM (25.40-b25 mixed mode bsd-amd64 compressed oops)
Heap:
 PSYoungGen      total 90624K, used 37234K [0x0000000795580000, 0x000000079bd00000, 0x00000007c0000000)
  eden space 81408K, 35% used [0x0000000795580000,0x00000007971851c0,0x000000079a500000)
  from space 9216K, 92% used [0x000000079af00000,0x000000079b757688,0x000000079b800000)
  to   space 10240K, 0% used [0x000000079a500000,0x000000079a500000,0x000000079af00000)
 ParOldGen       total 94720K, used 12844K [0x0000000740000000, 0x0000000745c80000, 0x0000000795580000)
  object space 94720K, 13% used [0x0000000740000000,0x0000000740c8b208,0x0000000745c80000)
 Metaspace       used 38750K, capacity 40296K, committed 40576K, reserved 1085440K
  class space    used 5112K, capacity 5406K, committed 5504K, reserved 1048576K
GC Heap History (10 events):
Event: 2.325 GC heap before
{Heap before GC invocations=4 (full 1):
 PSYoungGen      total 38400K, used 5112K [0x0000000795580000, 0x000000079a080000, 0x00000007c0000000)
  eden space 33280K, 0% used [0x0000000795580000,0x0000000795580000,0x0000000797600000)
  from space 5120K, 99% used [0x0000000797600000,0x0000000797afe2d8,0x0000000797b00000)
  to   space 5120K, 0% used [0x0000000799b80000,0x0000000799b80000,0x000000079a080000)
 ParOldGen       total 87552K, used 3102K [0x0000000740000000, 0x0000000745580000, 0x0000000795580000)
  object space 87552K, 3% used [0x0000000740000000,0x0000000740307b70,0x0000000745580000)
 Metaspace       used 20755K, capacity 21070K, committed 21248K, reserved 1069056K
  class space    used 2410K, capacity 2538K, committed 2560K, reserved 1048576K
Event: 2.348 GC heap after
Heap after GC invocations=4 (full 1):
 PSYoungGen      total 38400K, used 0K [0x0000000795580000, 0x000000079a080000, 0x00000007c0000000)
  eden space 33280K, 0% used [0x0000000795580000,0x0000000795580000,0x0000000797600000)
  from space 5120K, 0% used [0x0000000797600000,0x0000000797600000,0x0000000797b00000)
  to   space 5120K, 0% used [0x0000000799b80000,0x0000000799b80000,0x000000079a080000)
 ParOldGen       total 54784K, used 5771K [0x0000000740000000, 0x0000000743580000, 0x0000000795580000)
  object space 54784K, 10% used [0x0000000740000000,0x00000007405a2fa0,0x0000000743580000)
 Metaspace       used 20755K, capacity 21070K, committed 21248K, reserved 1069056K
  class space    used 2410K, capacity 2538K, committed 2560K, reserved 1048576K
}
Event: 3.283 GC heap before
{Heap before GC invocations=5 (full 1):
 PSYoungGen      total 38400K, used 33280K [0x0000000795580000, 0x000000079a080000, 0x00000007c0000000)
  eden space 33280K, 100% used [0x0000000795580000,0x0000000797600000,0x0000000797600000)
  from space 5120K, 0% used [0x0000000797600000,0x0000000797600000,0x0000000797b00000)
  to   space 5120K, 0% used [0x0000000799b80000,0x0000000799b80000,0x000000079a080000)
 ParOldGen       total 54784K, used 5771K [0x0000000740000000, 0x0000000743580000, 0x0000000795580000)
  object space 54784K, 10% used [0x0000000740000000,0x00000007405a2fa0,0x0000000743580000)
 Metaspace       used 30075K, capacity 31038K, committed 31232K, reserved 1077248K
  class space    used 4058K, capacity 4255K, committed 4352K, reserved 1048576K
Event: 3.287 GC heap after
Heap after GC invocations=5 (full 1):
 PSYoungGen      total 57344K, used 4818K [0x0000000795580000, 0x000000079a080000, 0x00000007c0000000)
  eden space 52224K, 0% used [0x0000000795580000,0x0000000795580000,0x0000000798880000)
  from space 5120K, 94% used [0x0000000799b80000,0x000000079a0348b0,0x000000079a080000)
  to   space 5120K, 0% used [0x0000000799680000,0x0000000799680000,0x0000000799b80000)
 ParOldGen       total 54784K, used 5779K [0x0000000740000000, 0x0000000743580000, 0x0000000795580000)
  object space 54784K, 10% used [0x0000000740000000,0x00000007405a4fa0,0x0000000743580000)
 Metaspace       used 30075K, capacity 31038K, committed 31232K, reserved 1077248K
  class space    used 4058K, capacity 4255K, committed 4352K, reserved 1048576K
}
Event: 3.735 GC heap before
{Heap before GC invocations=6 (full 1):
 PSYoungGen      total 57344K, used 21068K [0x0000000795580000, 0x000000079a080000, 0x00000007c0000000)
  eden space 52224K, 31% used [0x0000000795580000,0x000000079655e840,0x0000000798880000)
  from space 5120K, 94% used [0x0000000799b80000,0x000000079a0348b0,0x000000079a080000)
  to   space 5120K, 0% used [0x0000000799680000,0x0000000799680000,0x0000000799b80000)
 ParOldGen       total 54784K, used 5779K [0x0000000740000000, 0x0000000743580000, 0x0000000795580000)
  object space 54784K, 10% used [0x0000000740000000,0x00000007405a4fa0,0x0000000743580000)
 Metaspace       used 33966K, capacity 35302K, committed 35416K, reserved 1079296K
  class space    used 4595K, capacity 4849K, committed 4864K, reserved 1048576K
Event: 3.742 GC heap after
Heap after GC invocations=6 (full 1):
 PSYoungGen      total 71680K, used 5108K [0x0000000795580000, 0x000000079b800000, 0x00000007c0000000)
  eden space 66560K, 0% used [0x0000000795580000,0x0000000795580000,0x0000000799680000)
  from space 5120K, 99% used [0x0000000799680000,0x0000000799b7d020,0x0000000799b80000)
  to   space 9216K, 0% used [0x000000079af00000,0x000000079af00000,0x000000079b800000)
 ParOldGen       total 54784K, used 9290K [0x0000000740000000, 0x0000000743580000, 0x0000000795580000)
  object space 54784K, 16% used [0x0000000740000000,0x0000000740912998,0x0000000743580000)
 Metaspace       used 33966K, capacity 35302K, committed 35416K, reserved 1079296K
  class space    used 4595K, capacity 4849K, committed 4864K, reserved 1048576K
}
Event: 3.742 GC heap before
{Heap before GC invocations=7 (full 2):
 PSYoungGen      total 71680K, used 5108K [0x0000000795580000, 0x000000079b800000, 0x00000007c0000000)
  eden space 66560K, 0% used [0x0000000795580000,0x0000000795580000,0x0000000799680000)
  from space 5120K, 99% used [0x0000000799680000,0x0000000799b7d020,0x0000000799b80000)
  to   space 9216K, 0% used [0x000000079af00000,0x000000079af00000,0x000000079b800000)
 ParOldGen       total 54784K, used 9290K [0x0000000740000000, 0x0000000743580000, 0x0000000795580000)
  object space 54784K, 16% used [0x0000000740000000,0x0000000740912998,0x0000000743580000)
 Metaspace       used 33966K, capacity 35302K, committed 35416K, reserved 1079296K
  class space    used 4595K, capacity 4849K, committed 4864K, reserved 1048576K
Event: 3.804 GC heap after
Heap after GC invocations=7 (full 2):
 PSYoungGen      total 71680K, used 0K [0x0000000795580000, 0x000000079b800000, 0x00000007c0000000)
  eden space 66560K, 0% used [0x0000000795580000,0x0000000795580000,0x0000000799680000)
  from space 5120K, 0% used [0x0000000799680000,0x0000000799680000,0x0000000799b80000)
  to   space 9216K, 0% used [0x000000079af00000,0x000000079af00000,0x000000079b800000)
 ParOldGen       total 94720K, used 12836K [0x0000000740000000, 0x0000000745c80000, 0x0000000795580000)
  object space 94720K, 13% used [0x0000000740000000,0x0000000740c89208,0x0000000745c80000)
 Metaspace       used 33966K, capacity 35302K, committed 35416K, reserved 1079296K
  class space    used 4595K, capacity 4849K, committed 4864K, reserved 1048576K
}
Event: 7.281 GC heap before
{Heap before GC invocations=8 (full 2):
 PSYoungGen      total 71680K, used 66560K [0x0000000795580000, 0x000000079b800000, 0x00000007c0000000)
  eden space 66560K, 100% used [0x0000000795580000,0x0000000799680000,0x0000000799680000)
  from space 5120K, 0% used [0x0000000799680000,0x0000000799680000,0x0000000799b80000)
  to   space 9216K, 0% used [0x000000079af00000,0x000000079af00000,0x000000079b800000)
 ParOldGen       total 94720K, used 12836K [0x0000000740000000, 0x0000000745c80000, 0x0000000795580000)
  object space 94720K, 13% used [0x0000000740000000,0x0000000740c89208,0x0000000745c80000)
 Metaspace       used 38457K, capacity 40016K, committed 40320K, reserved 1083392K
  class space    used 5098K, capacity 5404K, committed 5504K, reserved 1048576K
Event: 7.288 GC heap after
Heap after GC invocations=8 (full 2):
 PSYoungGen      total 90624K, used 8541K [0x0000000795580000, 0x000000079bd00000, 0x00000007c0000000)
  eden space 81408K, 0% used [0x0000000795580000,0x0000000795580000,0x000000079a500000)
  from space 9216K, 92% used [0x000000079af00000,0x000000079b757688,0x000000079b800000)
  to   space 10240K, 0% used [0x000000079a500000,0x000000079a500000,0x000000079af00000)
 ParOldGen       total 94720K, used 12844K [0x0000000740000000, 0x0000000745c80000, 0x0000000795580000)
  object space 94720K, 13% used [0x0000000740000000,0x0000000740c8b208,0x0000000745c80000)
 Metaspace       used 38457K, capacity 40016K, committed 40320K, reserved 1083392K
  class space    used 5098K, capacity 5404K, committed 5504K, reserved 1048576K
}

